<?xml version="1.0" encoding="UTF-8"?>
<!-- Generated by org.testng.reporters.JUnitReportReporter -->
<testsuite hostname="Bharath" failures="0" tests="4" name="testng.concepts.AppCommons" time="0.015" errors="0" timestamp="2025-06-05T23:05:04 IST" skipped="0">
  <testcase classname="testng.concepts.AppCommons" name="TestCase2" time="0.010"/>
  <system-out/>
  <testcase classname="testng.concepts.AppCommons" name="TestCase3" time="0.003"/>
  <system-out/>
  <testcase classname="testng.concepts.AppCommons" name="TestCase3" time="0.002"/>
  <system-out/>
  <testcase classname="testng.concepts.AppCommons" name="TestCase3" time="0.000"/>
  <system-out/>
</testsuite> <!-- testng.concepts.AppCommons -->
